0 info it worked if it ends with ok
1 verbose cli [ '/usr/bin/nodejs', '/usr/bin/npm', 'install', '-g', 'csslint' ]
2 info using npm@1.3.10
3 info using node@v0.10.25
4 verbose cache add [ 'csslint', null ]
5 verbose cache add name=undefined spec="csslint" args=["csslint",null]
6 verbose parsed url { protocol: null,
6 verbose parsed url   slashes: null,
6 verbose parsed url   auth: null,
6 verbose parsed url   host: null,
6 verbose parsed url   port: null,
6 verbose parsed url   hostname: null,
6 verbose parsed url   hash: null,
6 verbose parsed url   search: null,
6 verbose parsed url   query: null,
6 verbose parsed url   pathname: 'csslint',
6 verbose parsed url   path: 'csslint',
6 verbose parsed url   href: 'csslint' }
7 silly lockFile 62b4fd4b-csslint csslint
8 verbose lock csslint /home/ubuntu/.npm/62b4fd4b-csslint.lock
9 silly lockFile 62b4fd4b-csslint csslint
10 silly lockFile 62b4fd4b-csslint csslint
11 verbose addNamed [ 'csslint', '' ]
12 verbose addNamed [ null, '*' ]
13 silly lockFile ba3ce932-csslint csslint@
14 verbose lock csslint@ /home/ubuntu/.npm/ba3ce932-csslint.lock
15 silly addNameRange { name: 'csslint', range: '*', hasData: false }
16 verbose url raw csslint
17 verbose url resolving [ 'https://registry.npmjs.org/', './csslint' ]
18 verbose url resolved https://registry.npmjs.org/csslint
19 info trying registry request attempt 1 at 14:58:12
20 http GET https://registry.npmjs.org/csslint
21 http 200 https://registry.npmjs.org/csslint
22 silly registry.get cb [ 200,
22 silly registry.get   { date: 'Sun, 26 Apr 2015 14:58:12 GMT',
22 silly registry.get     server: 'CouchDB/1.5.0 (Erlang OTP/R16B03)',
22 silly registry.get     etag: '"5NC9VXLYPRSRW4T3Q12WUNST8"',
22 silly registry.get     'content-type': 'application/json',
22 silly registry.get     'cache-control': 'max-age=60',
22 silly registry.get     'content-length': '23276',
22 silly registry.get     'accept-ranges': 'bytes',
22 silly registry.get     via: '1.1 varnish',
22 silly registry.get     age: '0',
22 silly registry.get     'x-served-by': 'cache-lax1421-LAX',
22 silly registry.get     'x-cache': 'HIT',
22 silly registry.get     'x-cache-hits': '1',
22 silly registry.get     'x-timer': 'S1430060292.198469,VS0,VE176',
22 silly registry.get     vary: 'Accept',
22 silly registry.get     'keep-alive': 'timeout=10, max=50',
22 silly registry.get     connection: 'Keep-Alive' } ]
23 silly addNameRange number 2 { name: 'csslint', range: '*', hasData: true }
24 silly addNameRange versions [ 'csslint',
24 silly addNameRange   [ '0.1.0',
24 silly addNameRange     '0.2.0',
24 silly addNameRange     '0.3.0',
24 silly addNameRange     '0.3.1',
24 silly addNameRange     '0.3.2',
24 silly addNameRange     '0.4.0',
24 silly addNameRange     '0.5.0',
24 silly addNameRange     '0.6.0',
24 silly addNameRange     '0.6.1',
24 silly addNameRange     '0.7.0',
24 silly addNameRange     '0.8.0',
24 silly addNameRange     '0.8.1',
24 silly addNameRange     '0.8.5',
24 silly addNameRange     '0.9.0',
24 silly addNameRange     '0.9.1',
24 silly addNameRange     '0.9.2',
24 silly addNameRange     '0.9.5',
24 silly addNameRange     '0.9.6',
24 silly addNameRange     '0.9.7',
24 silly addNameRange     '0.9.8',
24 silly addNameRange     '0.9.9',
24 silly addNameRange     '0.9.10',
24 silly addNameRange     '0.10.0' ] ]
25 verbose addNamed [ 'csslint', '0.10.0' ]
26 verbose addNamed [ '0.10.0', '0.10.0' ]
27 silly lockFile e8e04c8a-csslint-0-10-0 csslint@0.10.0
28 verbose lock csslint@0.10.0 /home/ubuntu/.npm/e8e04c8a-csslint-0-10-0.lock
29 silly lockFile 59df0017-s-org-csslint-csslint-0-10-0-tgz https://registry.npmjs.org/csslint/-/csslint-0.10.0.tgz
30 verbose lock https://registry.npmjs.org/csslint/-/csslint-0.10.0.tgz /home/ubuntu/.npm/59df0017-s-org-csslint-csslint-0-10-0-tgz.lock
31 verbose addRemoteTarball [ 'https://registry.npmjs.org/csslint/-/csslint-0.10.0.tgz',
31 verbose addRemoteTarball   '3a6a04e7565c8e9d19beb49767c7ec96e8365805' ]
32 info retry fetch attempt 1 at 14:58:12
33 verbose fetch to= /home/ubuntu/tmp/npm-1665-hzhkup9i/1430060292427-0.8427869633305818/tmp.tgz
34 http GET https://registry.npmjs.org/csslint/-/csslint-0.10.0.tgz
35 http 200 https://registry.npmjs.org/csslint/-/csslint-0.10.0.tgz
36 verbose tar unpack /home/ubuntu/tmp/npm-1665-hzhkup9i/1430060292427-0.8427869633305818/tmp.tgz
37 silly lockFile 9c7e181c-92427-0-8427869633305818-package tar:///home/ubuntu/tmp/npm-1665-hzhkup9i/1430060292427-0.8427869633305818/package
38 verbose lock tar:///home/ubuntu/tmp/npm-1665-hzhkup9i/1430060292427-0.8427869633305818/package /home/ubuntu/.npm/9c7e181c-92427-0-8427869633305818-package.lock
39 silly lockFile 1d6f9817-92427-0-8427869633305818-tmp-tgz tar:///home/ubuntu/tmp/npm-1665-hzhkup9i/1430060292427-0.8427869633305818/tmp.tgz
40 verbose lock tar:///home/ubuntu/tmp/npm-1665-hzhkup9i/1430060292427-0.8427869633305818/tmp.tgz /home/ubuntu/.npm/1d6f9817-92427-0-8427869633305818-tmp-tgz.lock
41 silly gunzTarPerm modes [ '755', '644' ]
42 silly gunzTarPerm extractEntry package.json
43 silly gunzTarPerm extractEntry README.md
44 silly gunzTarPerm extractEntry cli.js
45 silly gunzTarPerm extractEntry lib/csslint-node.js
46 silly lockFile 9c7e181c-92427-0-8427869633305818-package tar:///home/ubuntu/tmp/npm-1665-hzhkup9i/1430060292427-0.8427869633305818/package
47 silly lockFile 9c7e181c-92427-0-8427869633305818-package tar:///home/ubuntu/tmp/npm-1665-hzhkup9i/1430060292427-0.8427869633305818/package
48 silly lockFile 1d6f9817-92427-0-8427869633305818-tmp-tgz tar:///home/ubuntu/tmp/npm-1665-hzhkup9i/1430060292427-0.8427869633305818/tmp.tgz
49 silly lockFile 1d6f9817-92427-0-8427869633305818-tmp-tgz tar:///home/ubuntu/tmp/npm-1665-hzhkup9i/1430060292427-0.8427869633305818/tmp.tgz
50 verbose tar pack [ '/home/ubuntu/.npm/csslint/0.10.0/package.tgz',
50 verbose tar pack   '/home/ubuntu/tmp/npm-1665-hzhkup9i/1430060292427-0.8427869633305818/package' ]
51 verbose tarball /home/ubuntu/.npm/csslint/0.10.0/package.tgz
52 verbose folder /home/ubuntu/tmp/npm-1665-hzhkup9i/1430060292427-0.8427869633305818/package
53 silly lockFile 9c7e181c-92427-0-8427869633305818-package tar:///home/ubuntu/tmp/npm-1665-hzhkup9i/1430060292427-0.8427869633305818/package
54 verbose lock tar:///home/ubuntu/tmp/npm-1665-hzhkup9i/1430060292427-0.8427869633305818/package /home/ubuntu/.npm/9c7e181c-92427-0-8427869633305818-package.lock
55 silly lockFile 2d3b5592-u-npm-csslint-0-10-0-package-tgz tar:///home/ubuntu/.npm/csslint/0.10.0/package.tgz
56 verbose lock tar:///home/ubuntu/.npm/csslint/0.10.0/package.tgz /home/ubuntu/.npm/2d3b5592-u-npm-csslint-0-10-0-package-tgz.lock
57 silly lockFile 9c7e181c-92427-0-8427869633305818-package tar:///home/ubuntu/tmp/npm-1665-hzhkup9i/1430060292427-0.8427869633305818/package
58 silly lockFile 9c7e181c-92427-0-8427869633305818-package tar:///home/ubuntu/tmp/npm-1665-hzhkup9i/1430060292427-0.8427869633305818/package
59 silly lockFile 2d3b5592-u-npm-csslint-0-10-0-package-tgz tar:///home/ubuntu/.npm/csslint/0.10.0/package.tgz
60 silly lockFile 2d3b5592-u-npm-csslint-0-10-0-package-tgz tar:///home/ubuntu/.npm/csslint/0.10.0/package.tgz
61 silly lockFile 7bb9928c-buntu-npm-csslint-0-10-0-package /home/ubuntu/.npm/csslint/0.10.0/package
62 verbose lock /home/ubuntu/.npm/csslint/0.10.0/package /home/ubuntu/.npm/7bb9928c-buntu-npm-csslint-0-10-0-package.lock
63 silly lockFile 7bb9928c-buntu-npm-csslint-0-10-0-package /home/ubuntu/.npm/csslint/0.10.0/package
64 silly lockFile 7bb9928c-buntu-npm-csslint-0-10-0-package /home/ubuntu/.npm/csslint/0.10.0/package
65 verbose tar unpack /home/ubuntu/.npm/csslint/0.10.0/package.tgz
66 silly lockFile e3b1b6c9-buntu-npm-csslint-0-10-0-package tar:///home/ubuntu/.npm/csslint/0.10.0/package
67 verbose lock tar:///home/ubuntu/.npm/csslint/0.10.0/package /home/ubuntu/.npm/e3b1b6c9-buntu-npm-csslint-0-10-0-package.lock
68 silly lockFile 2d3b5592-u-npm-csslint-0-10-0-package-tgz tar:///home/ubuntu/.npm/csslint/0.10.0/package.tgz
69 verbose lock tar:///home/ubuntu/.npm/csslint/0.10.0/package.tgz /home/ubuntu/.npm/2d3b5592-u-npm-csslint-0-10-0-package-tgz.lock
70 silly gunzTarPerm modes [ '755', '644' ]
71 silly gunzTarPerm extractEntry package.json
72 silly gunzTarPerm extractEntry README.md
73 silly gunzTarPerm extractEntry cli.js
74 silly gunzTarPerm extractEntry lib/csslint-node.js
75 silly lockFile e3b1b6c9-buntu-npm-csslint-0-10-0-package tar:///home/ubuntu/.npm/csslint/0.10.0/package
76 silly lockFile e3b1b6c9-buntu-npm-csslint-0-10-0-package tar:///home/ubuntu/.npm/csslint/0.10.0/package
77 silly lockFile 2d3b5592-u-npm-csslint-0-10-0-package-tgz tar:///home/ubuntu/.npm/csslint/0.10.0/package.tgz
78 silly lockFile 2d3b5592-u-npm-csslint-0-10-0-package-tgz tar:///home/ubuntu/.npm/csslint/0.10.0/package.tgz
79 verbose chmod /home/ubuntu/.npm/csslint/0.10.0/package.tgz 644
80 verbose chown /home/ubuntu/.npm/csslint/0.10.0/package.tgz [ 1000, 1000 ]
81 silly lockFile 59df0017-s-org-csslint-csslint-0-10-0-tgz https://registry.npmjs.org/csslint/-/csslint-0.10.0.tgz
82 silly lockFile 59df0017-s-org-csslint-csslint-0-10-0-tgz https://registry.npmjs.org/csslint/-/csslint-0.10.0.tgz
83 silly lockFile e8e04c8a-csslint-0-10-0 csslint@0.10.0
84 silly lockFile e8e04c8a-csslint-0-10-0 csslint@0.10.0
85 silly lockFile ba3ce932-csslint csslint@
86 silly lockFile ba3ce932-csslint csslint@
87 silly resolved [ { name: 'csslint',
87 silly resolved     version: '0.10.0',
87 silly resolved     description: 'CSSLint',
87 silly resolved     author: { name: 'Nicole Sullivan' },
87 silly resolved     contributors: [ [Object] ],
87 silly resolved     engines: { node: '>=0.8.0' },
87 silly resolved     directories: { lib: 'lib' },
87 silly resolved     main: './lib/csslint-node.js',
87 silly resolved     bin: { csslint: './cli.js' },
87 silly resolved     scripts: { test: 'grunt test' },
87 silly resolved     licenses: [ [Object] ],
87 silly resolved     bugs: { url: 'https://github.com/stubbornella/csslint/issues' },
87 silly resolved     repository:
87 silly resolved      { type: 'git',
87 silly resolved        url: 'https://github.com/stubbornella/csslint.git' },
87 silly resolved     dependencies: { parserlib: '~0.2.2' },
87 silly resolved     devDependencies:
87 silly resolved      { grunt: '~0.4.1',
87 silly resolved        'grunt-contrib-jshint': '~0.5.4',
87 silly resolved        'grunt-contrib-concat': '~0.3.0',
87 silly resolved        'grunt-contrib-watch': '~0.4.4',
87 silly resolved        yuitest: '~0.7.9',
87 silly resolved        'grunt-contrib-clean': '~0.4.1',
87 silly resolved        'grunt-contrib-copy': '~0.4.1',
87 silly resolved        'grunt-include-replace': '~0.4.0' },
87 silly resolved     readme: '[![build status](https://secure.travis-ci.org/stubbornella/csslint.png)](http://travis-ci.org/stubbornella/csslint)\n# CSSLint\n\nCSSLint is a tool to help point out problems with your CSS code. It does basic syntax checking as well as applying a set of rules to the code that look for problematic patterns or signs of inefficiency. The rules are all pluggable, so you can easily write your own or omit ones you don\'t want. You can find information about both using CSS Lint and contributing to the project in the wiki: https://github.com/stubbornella/csslint/wiki \n\n# Contributors\n\n## Creators\n\n1. Nicole Sullivan, http://www.stubbornella.org\n1. Nicholas C. Zakas, http://www.nczonline.net\n\n## Contributors\n\n1. Samori Gorse, https://twitter.com/shinuza (Rules, Non-zero Exit Code for CLI)\n1. Eitan Konigsburg, https://twitter.com/eitanmk (Rhino CLI)\n1. Ben Barber (Compatible Vendor Prefix Rule)\n1. Eric Wendelin, http://eriwen.com (Output formatters)\n1. Kasper Garnaes, http://reload.dk (Checkstyle XML format)\n1. Gord Tanner, http://www.tinyhippos.com (CLI quiet option)\n1. Hans-Peter Buniat, https://github.com/hpbuniat (Duplicate background image rule)\n1. Dino Chiesa, https://github.com/DinoChiesa (Windows Script Host CLI)\n1. Tomasz Oponowicz, https://github.com/tomasz-oponowicz (XML format and CLI fixes)\n1. Julien Kernec\'h, https://github.com/parallel (Fixed a rule)\n1. Cillian de Róiste, https://plus.google.com/116480676247600483573/posts (Node CLI fixes)\n1. Damien Sennm, https://github.com/topaxi (README fixes)\n1. Jonathan Barnett, http://twitter.com/indieisaconcept (JUnit formatter)\n1. Zach Leatherman, http://www.zachleat.com/ (bug fixes)\n1. Philip Walton, http://philipwalton.com (Rules fixes, bug fixes)\n1. Jeff Beck, http://www.jeffbeck.info (Rules fixes, bug fixes)\n1. Jay Merrifield, https://github.com/fracmak (Rules fixes)\n1. Michael Mattiacci, http://mattiacci.com (Rules fixes)\n1. Jonathan Klein, http://www.jonathanklein.net (Bulletproof font-face rule)\n1. Shannon Moeller, http://shannonmoeller.com (Embedded rulesets)\n1. Nick Schonning, https://github.com/nschonni (Contributing.md, grunt build)\n1. Jared Wyles, https://github.com/jaredwy (Managing pull requests, endless advice)\n',
87 silly resolved     readmeFilename: 'README.md',
87 silly resolved     _id: 'csslint@0.10.0',
87 silly resolved     dist: { shasum: '64c0dd38a0f6d281e51adf70408c633953a90219' },
87 silly resolved     _from: 'csslint@',
87 silly resolved     _resolved: 'https://registry.npmjs.org/csslint/-/csslint-0.10.0.tgz' } ]
88 info install csslint@0.10.0 into /usr/local/lib
89 info installOne csslint@0.10.0
90 info /usr/local/lib/node_modules/csslint unbuild
91 verbose tar unpack /home/ubuntu/.npm/csslint/0.10.0/package.tgz
92 silly lockFile c2d629a1-r-local-lib-node-modules-csslint tar:///usr/local/lib/node_modules/csslint
93 verbose lock tar:///usr/local/lib/node_modules/csslint /home/ubuntu/.npm/c2d629a1-r-local-lib-node-modules-csslint.lock
94 silly lockFile 2d3b5592-u-npm-csslint-0-10-0-package-tgz tar:///home/ubuntu/.npm/csslint/0.10.0/package.tgz
95 verbose lock tar:///home/ubuntu/.npm/csslint/0.10.0/package.tgz /home/ubuntu/.npm/2d3b5592-u-npm-csslint-0-10-0-package-tgz.lock
96 silly gunzTarPerm modes [ '755', '644' ]
97 error Error: EACCES, mkdir '/usr/local/lib/node_modules/csslint'
97 error  { [Error: EACCES, mkdir '/usr/local/lib/node_modules/csslint']
97 error   errno: 3,
97 error   code: 'EACCES',
97 error   path: '/usr/local/lib/node_modules/csslint',
97 error   fstream_type: 'Directory',
97 error   fstream_path: '/usr/local/lib/node_modules/csslint',
97 error   fstream_class: 'DirWriter',
97 error   fstream_stack:
97 error    [ '/usr/lib/nodejs/fstream/lib/dir-writer.js:36:23',
97 error      '/usr/lib/nodejs/mkdirp/index.js:37:53',
97 error      'Object.oncomplete (fs.js:107:15)' ] }
98 error Please try running this command again as root/Administrator.
99 error System Linux 3.13.0-44-generic
100 error command "/usr/bin/nodejs" "/usr/bin/npm" "install" "-g" "csslint"
101 error cwd /home/ubuntu/dev/rails/alperina.su
102 error node -v v0.10.25
103 error npm -v 1.3.10
104 error path /usr/local/lib/node_modules/csslint
105 error fstream_path /usr/local/lib/node_modules/csslint
106 error fstream_type Directory
107 error fstream_class DirWriter
108 error code EACCES
109 error errno 3
110 error stack Error: EACCES, mkdir '/usr/local/lib/node_modules/csslint'
111 error fstream_stack /usr/lib/nodejs/fstream/lib/dir-writer.js:36:23
111 error fstream_stack /usr/lib/nodejs/mkdirp/index.js:37:53
111 error fstream_stack Object.oncomplete (fs.js:107:15)
112 verbose exit [ 3, true ]
